0 info it worked if it ends with ok
1 verbose cli [ '/usr/local/bin/node',
1 verbose cli   '/usr/local/bin/npm',
1 verbose cli   'install',
1 verbose cli   '-g',
1 verbose cli   'ios-deploy' ]
2 info using npm@2.14.12
3 info using node@v4.2.4
4 verbose install initial load of /usr/local/lib/package.json
5 verbose readDependencies loading dependencies from /usr/local/lib/package.json
6 silly cache add args [ 'ios-deploy', null ]
7 verbose cache add spec ios-deploy
8 silly cache add parsed spec Result {
8 silly cache add   raw: 'ios-deploy',
8 silly cache add   scope: null,
8 silly cache add   name: 'ios-deploy',
8 silly cache add   rawSpec: '',
8 silly cache add   spec: 'latest',
8 silly cache add   type: 'tag' }
9 silly addNamed ios-deploy@latest
10 verbose addNamed "latest" is being treated as a dist-tag for ios-deploy
11 info addNameTag [ 'ios-deploy', 'latest' ]
12 silly mapToRegistry name ios-deploy
13 silly mapToRegistry using default registry
14 silly mapToRegistry registry https://registry.npmjs.org/
15 silly mapToRegistry uri https://registry.npmjs.org/ios-deploy
16 verbose addNameTag registry:https://registry.npmjs.org/ios-deploy not in flight; fetching
17 verbose request uri https://registry.npmjs.org/ios-deploy
18 verbose request no auth needed
19 info attempt registry request try #1 at 5:54:00 AM
20 verbose request id 8006f46527e36067
21 http request GET https://registry.npmjs.org/ios-deploy
22 http 200 https://registry.npmjs.org/ios-deploy
23 verbose headers { server: 'CouchDB/1.5.0 (Erlang OTP/R16B03)',
23 verbose headers   etag: '"9UZRSW4VGSS2C1DLFQVPDNHID"',
23 verbose headers   'content-type': 'application/json',
23 verbose headers   'cache-control': 'max-age=300',
23 verbose headers   'content-length': '33949',
23 verbose headers   'accept-ranges': 'bytes',
23 verbose headers   date: 'Sun, 31 Jan 2016 10:54:00 GMT',
23 verbose headers   via: '1.1 varnish',
23 verbose headers   age: '0',
23 verbose headers   connection: 'keep-alive',
23 verbose headers   'x-served-by': 'cache-atl6231-ATL',
23 verbose headers   'x-cache': 'MISS',
23 verbose headers   'x-cache-hits': '0',
23 verbose headers   'x-timer': 'S1454237640.291503,VS0,VE479',
23 verbose headers   vary: 'Accept' }
24 silly get cb [ 200,
24 silly get   { server: 'CouchDB/1.5.0 (Erlang OTP/R16B03)',
24 silly get     etag: '"9UZRSW4VGSS2C1DLFQVPDNHID"',
24 silly get     'content-type': 'application/json',
24 silly get     'cache-control': 'max-age=300',
24 silly get     'content-length': '33949',
24 silly get     'accept-ranges': 'bytes',
24 silly get     date: 'Sun, 31 Jan 2016 10:54:00 GMT',
24 silly get     via: '1.1 varnish',
24 silly get     age: '0',
24 silly get     connection: 'keep-alive',
24 silly get     'x-served-by': 'cache-atl6231-ATL',
24 silly get     'x-cache': 'MISS',
24 silly get     'x-cache-hits': '0',
24 silly get     'x-timer': 'S1454237640.291503,VS0,VE479',
24 silly get     vary: 'Accept' } ]
25 verbose get saving ios-deploy to /Users/jeremiep/.npm/registry.npmjs.org/ios-deploy/.cache.json
26 silly addNameTag next cb for ios-deploy with tag latest
27 silly addNamed ios-deploy@1.8.4
28 verbose addNamed "1.8.4" is a plain semver version for ios-deploy
29 silly mapToRegistry name ios-deploy
30 silly mapToRegistry using default registry
31 silly mapToRegistry registry https://registry.npmjs.org/
32 silly mapToRegistry uri https://registry.npmjs.org/ios-deploy
33 verbose addRemoteTarball https://registry.npmjs.org/ios-deploy/-/ios-deploy-1.8.4.tgz not in flight; adding
34 verbose addRemoteTarball [ 'https://registry.npmjs.org/ios-deploy/-/ios-deploy-1.8.4.tgz',
34 verbose addRemoteTarball   '2edc8ca78b512505af16bb178cdbc60fa524dabb' ]
35 info retry fetch attempt 1 at 5:54:00 AM
36 info attempt registry request try #1 at 5:54:00 AM
37 http fetch GET https://registry.npmjs.org/ios-deploy/-/ios-deploy-1.8.4.tgz
38 http fetch 200 https://registry.npmjs.org/ios-deploy/-/ios-deploy-1.8.4.tgz
39 silly fetchAndShaCheck shasum 2edc8ca78b512505af16bb178cdbc60fa524dabb
40 verbose addTmpTarball /tmp/npm-43171-116d9e02/registry.npmjs.org/ios-deploy/-/ios-deploy-1.8.4.tgz not in flight; adding
41 verbose addTmpTarball already have metadata; skipping unpack for ios-deploy@1.8.4
42 silly cache afterAdd ios-deploy@1.8.4
43 verbose afterAdd /Users/jeremiep/.npm/ios-deploy/1.8.4/package/package.json not in flight; writing
44 verbose afterAdd /Users/jeremiep/.npm/ios-deploy/1.8.4/package/package.json written
45 silly install resolved [ { name: 'ios-deploy',
45 silly install resolved     version: '1.8.4',
45 silly install resolved     os: [ 'darwin' ],
45 silly install resolved     description: 'launch iOS apps iOS devices from the command line (Xcode 7)',
45 silly install resolved     main: 'ios-deploy',
45 silly install resolved     scripts:
45 silly install resolved      { preinstall: './src/check_reqs.js && xcodebuild',
45 silly install resolved        test: 'npm run jshint',
45 silly install resolved        jshint: 'node node_modules/jshint/bin/jshint src' },
45 silly install resolved     bin: { 'ios-deploy': './build/Release/ios-deploy' },
45 silly install resolved     repository:
45 silly install resolved      { type: 'git',
45 silly install resolved        url: 'git+https://github.com/phonegap/ios-deploy.git' },
45 silly install resolved     devDependencies: { jshint: '2.5.8' },
45 silly install resolved     keywords: [ 'ios-deploy', 'deploy to iOS device' ],
45 silly install resolved     bugs: { url: 'https://github.com/phonegap/ios-deploy/issues' },
45 silly install resolved     author: { name: 'Greg Hughes' },
45 silly install resolved     license: 'GPLv3',
45 silly install resolved     gitHead: '3555b1222c2e73df68059ec16f100a29dc6725a8',
45 silly install resolved     homepage: 'https://github.com/phonegap/ios-deploy#readme',
45 silly install resolved     _id: 'ios-deploy@1.8.4',
45 silly install resolved     _shasum: '2edc8ca78b512505af16bb178cdbc60fa524dabb',
45 silly install resolved     _from: 'ios-deploy@latest',
45 silly install resolved     _npmVersion: '2.11.3',
45 silly install resolved     _nodeVersion: '0.12.7',
45 silly install resolved     _npmUser: { name: 'shazron', email: 'shazron@gmail.com' },
45 silly install resolved     dist:
45 silly install resolved      { shasum: '2edc8ca78b512505af16bb178cdbc60fa524dabb',
45 silly install resolved        tarball: 'http://registry.npmjs.org/ios-deploy/-/ios-deploy-1.8.4.tgz' },
45 silly install resolved     maintainers: [ [Object], [Object], [Object] ],
45 silly install resolved     directories: {},
45 silly install resolved     _resolved: 'https://registry.npmjs.org/ios-deploy/-/ios-deploy-1.8.4.tgz' } ]
46 info install ios-deploy@1.8.4 into /usr/local/lib
47 info installOne ios-deploy@1.8.4
48 verbose installOne of ios-deploy to /usr/local/lib not in flight; installing
49 verbose lock using /Users/jeremiep/.npm/_locks/ios-deploy-198957223cd98201.lock for /usr/local/lib/node_modules/ios-deploy
50 silly install write writing ios-deploy 1.8.4 to /usr/local/lib/node_modules/ios-deploy
51 verbose unbuild lib/node_modules/ios-deploy
52 silly gentlyRm /usr/local/lib/node_modules/ios-deploy is being purged from base /usr/local
53 verbose gentlyRm don't care about contents; nuking /usr/local/lib/node_modules/ios-deploy
54 verbose tar unpack /Users/jeremiep/.npm/ios-deploy/1.8.4/package.tgz
55 verbose tar unpacking to /usr/local/lib/node_modules/ios-deploy
56 silly gentlyRm /usr/local/lib/node_modules/ios-deploy is being purged
57 verbose gentlyRm don't care about contents; nuking /usr/local/lib/node_modules/ios-deploy
58 silly gunzTarPerm modes [ '755', '644' ]
59 silly gunzTarPerm extractEntry package.json
60 silly gunzTarPerm extractEntry .npmignore
61 silly gunzTarPerm extractEntry README.md
62 silly gunzTarPerm extractEntry LICENSE
63 silly gunzTarPerm extractEntry CONTRIBUTING.md
64 silly gunzTarPerm extractEntry demo/.npmignore
65 silly gunzTarPerm extractEntry demo/Entitlements.plist
66 silly gunzTarPerm extractEntry demo/Info.plist
67 silly gunzTarPerm extractEntry demo/Makefile
68 silly gunzTarPerm extractEntry demo/ResourceRules.plist
69 silly gunzTarPerm extractEntry demo/demo.c
70 silly gunzTarPerm extractEntry ios-deploy.xcodeproj/project.pbxproj
71 silly gunzTarPerm extractEntry src/check_reqs.js
72 silly gunzTarPerm extractEntry src/MobileDevice.h
73 silly gunzTarPerm extractEntry src/errors.h
74 silly gunzTarPerm extractEntry src/ios-deploy.c
75 silly gunzTarPerm extractEntry src/lldb.py.h
76 silly gunzTarPerm extractEntry src/scripts/lldb.py
77 silly gunzTarPerm extractEntry src/version.h
78 verbose write writing to /usr/local/lib/node_modules/ios-deploy/package.json
79 info preinstall ios-deploy@1.8.4
80 verbose unsafe-perm in lifecycle false
81 info ios-deploy@1.8.4 Failed to exec preinstall script
82 verbose unlock done using /Users/jeremiep/.npm/_locks/ios-deploy-198957223cd98201.lock for /usr/local/lib/node_modules/ios-deploy
83 verbose stack Error: ios-deploy@1.8.4 preinstall: `./src/check_reqs.js && xcodebuild`
83 verbose stack Exit status 134
83 verbose stack     at EventEmitter.<anonymous> (/usr/local/lib/node_modules/npm/lib/utils/lifecycle.js:214:16)
83 verbose stack     at emitTwo (events.js:87:13)
83 verbose stack     at EventEmitter.emit (events.js:172:7)
83 verbose stack     at ChildProcess.<anonymous> (/usr/local/lib/node_modules/npm/lib/utils/spawn.js:24:14)
83 verbose stack     at emitTwo (events.js:87:13)
83 verbose stack     at ChildProcess.emit (events.js:172:7)
83 verbose stack     at maybeClose (internal/child_process.js:818:16)
83 verbose stack     at Process.ChildProcess._handle.onexit (internal/child_process.js:211:5)
84 verbose pkgid ios-deploy@1.8.4
85 verbose cwd /Users/jeremiep/Workspace/GroceryFlyers-App
86 error Darwin 15.2.0
87 error argv "/usr/local/bin/node" "/usr/local/bin/npm" "install" "-g" "ios-deploy"
88 error node v4.2.4
89 error npm  v2.14.12
90 error code ELIFECYCLE
91 error ios-deploy@1.8.4 preinstall: `./src/check_reqs.js && xcodebuild`
91 error Exit status 134
92 error Failed at the ios-deploy@1.8.4 preinstall script './src/check_reqs.js && xcodebuild'.
92 error This is most likely a problem with the ios-deploy package,
92 error not with npm itself.
92 error Tell the author that this fails on your system:
92 error     ./src/check_reqs.js && xcodebuild
92 error You can get their info via:
92 error     npm owner ls ios-deploy
92 error There is likely additional logging output above.
93 verbose exit [ 1, true ]
94 verbose unbuild lib/node_modules/ios-deploy
95 info preuninstall ios-deploy@1.8.4
96 info uninstall ios-deploy@1.8.4
97 verbose unbuild rmStuff ios-deploy@1.8.4 from /usr/local/lib/node_modules
98 silly gentlyRm /usr/local/bin/ios-deploy is being gently removed
99 silly gentlyRm verifying /usr/local is an npm working directory
100 silly gentlyRm containing path /usr/local is under npm's control, in /usr/local
101 silly gentlyRm deletion target /usr/local/bin/ios-deploy is under /usr/local
102 verbose gentlyRm vacuuming from /usr/local/bin/ios-deploy up to /usr/local
103 info postuninstall ios-deploy@1.8.4
104 silly gentlyRm /usr/local/lib/node_modules/ios-deploy is being purged from base /usr/local
105 verbose gentlyRm don't care about contents; nuking /usr/local/lib/node_modules/ios-deploy
106 silly vacuum-fs purging /usr/local/lib/node_modules/ios-deploy
107 silly vacuum-fs quitting because other entries in /usr/local/lib/node_modules
